<?xml version="1.0" encoding="UTF-8"?>
<Site BuildName="(empty)"
	BuildStamp="20251208-0246-Experimental"
	Name="tegra-ubuntu"
	Generator="ctest-3.16.3"
	CompilerName="/usr/bin/aarch64-linux-gnu-g++"
	CompilerVersion="9.4.0"
	OSName="Linux"
	Hostname="hit-hra"
	OSRelease="5.10.216-tegra"
	OSVersion="#1 SMP PREEMPT Fri Sep 19 14:25:31 PDT 2025"
	OSPlatform="aarch64"
	Is64Bits="1"
	VendorString=""
	VendorID="Unknown Manufacturer"
	FamilyID="8"
	ModelID="0"
	ProcessorCacheSize="0"
	NumberOfLogicalCPU="4"
	NumberOfPhysicalCPU="1"
	TotalVirtualMemory="7751"
	TotalPhysicalMemory="15502"
	LogicalProcessorsPerPhysical="4"
	ProcessorClockFrequency="0"
	>
	<Testing>
		<StartDateTime>Dec 08 19:27 CST</StartDateTime>
		<StartTestTime>1765193240</StartTestTime>
		<TestList/>
		<EndDateTime>Dec 08 19:27 CST</EndDateTime>
		<EndTestTime>1765193240</EndTestTime>
		<ElapsedMinutes>0</ElapsedMinutes>
	</Testing>
</Site>
