<?xml version="1.0" encoding="UTF-8"?>
<Site BuildName="(empty)"
	BuildStamp="20260114-0151-Experimental"
	Name="tegra-ubuntu"
	Generator="ctest-3.16.3"
	CompilerName="/usr/bin/aarch64-linux-gnu-g++"
	CompilerVersion="9.4.0"
	OSName="Linux"
	Hostname="hit-hra"
	OSRelease="5.10.216-tegra"
	OSVersion="#1 SMP PREEMPT Fri Sep 19 14:25:31 PDT 2025"
	OSPlatform="aarch64"
	Is64Bits="1"
	VendorString=""
	VendorID="Unknown Manufacturer"
	FamilyID="8"
	ModelID="0"
	ProcessorCacheSize="0"
	NumberOfLogicalCPU="8"
	NumberOfPhysicalCPU="1"
	TotalVirtualMemory="7751"
	TotalPhysicalMemory="15502"
	LogicalProcessorsPerPhysical="8"
	ProcessorClockFrequency="0"
	>
	<Testing>
		<StartDateTime>Jan 14 09:51 CST</StartDateTime>
		<StartTestTime>1768355474</StartTestTime>
		<TestList/>
		<EndDateTime>Jan 14 09:51 CST</EndDateTime>
		<EndTestTime>1768355474</EndTestTime>
		<ElapsedMinutes>0</ElapsedMinutes>
	</Testing>
</Site>
